This file contains any messages produced by compilers while
running configure, to aid debugging if configure makes a mistake.

It was created by gzzpanel configure 2.0, which was
generated by GNU Autoconf 2.69.  Invocation command line was

  $ ./configure 

## --------- ##
## Platform. ##
## --------- ##

hostname = rakbat
uname -m = x86_64
uname -r = 4.18.0-11-generic
uname -s = Linux
uname -v = #12-Ubuntu SMP Tue Oct 23 19:22:37 UTC 2018

/usr/bin/uname -p = unknown
/bin/uname -X     = unknown

/bin/arch              = unknown
/usr/bin/arch -k       = unknown
/usr/convex/getsysinfo = unknown
/usr/bin/hostinfo      = unknown
/bin/machine           = unknown
/usr/bin/oslevel       = unknown
/bin/universe          = unknown

PATH: /home/grizzlysmit/.cargo/bin
PATH: /home/grizzlysmit/bin
PATH: /home/grizzlysmit/.rakudobrew/bin
PATH: /home/grizzlysmit/.cargo/bin
PATH: /home/grizzlysmit/bin
PATH: /usr/local/sbin
PATH: /usr/local/bin
PATH: /usr/sbin
PATH: /usr/bin
PATH: /sbin
PATH: /bin
PATH: /usr/games
PATH: /usr/local/games
PATH: /snap/bin
PATH: /home/grizzlysmit/bin
PATH: /home/grizzlysmit/.rakudobrew/moar-nom/install/bin
PATH: /home/grizzlysmit/rakudo/doc/bin
PATH: /home/grizzlysmit/.rakudobrew/moar-nom/install/share/perl6/site/bin
PATH: /home/grizzlysmit/.cargo/bin
PATH: /usr/local/mercury-DEV/bin
PATH: /usr/lib/go/bin
PATH: /home/grizzlysmit/go/bin


## ----------- ##
## Core tests. ##
## ----------- ##

configure:2479: checking for a BSD-compatible install
configure:2547: result: /usr/bin/install -c
configure:2558: checking whether build environment is sane
configure:2613: result: yes
configure:2764: checking for a thread-safe mkdir -p
configure:2803: result: /bin/mkdir -p
configure:2810: checking for gawk
configure:2826: found /usr/bin/gawk
configure:2837: result: gawk
configure:2848: checking whether make sets $(MAKE)
configure:2870: result: yes
configure:2899: checking whether make supports nested variables
configure:2916: result: yes
configure:3054: checking whether make supports nested variables
configure:3071: result: yes
configure:3141: checking for g++
configure:3157: found /usr/bin/g++
configure:3168: result: g++
configure:3195: checking for C++ compiler version
configure:3204: g++ --version >&5
g++ (Ubuntu 8.2.0-7ubuntu1) 8.2.0
Copyright (C) 2018 Free Software Foundation, Inc.
This is free software; see the source for copying conditions.  There is NO
warranty; not even for MERCHANTABILITY or FITNESS FOR A PARTICULAR PURPOSE.

configure:3215: $? = 0
configure:3204: g++ -v >&5
Using built-in specs.
COLLECT_GCC=g++
COLLECT_LTO_WRAPPER=/usr/lib/gcc/x86_64-linux-gnu/8/lto-wrapper
OFFLOAD_TARGET_NAMES=nvptx-none
OFFLOAD_TARGET_DEFAULT=1
Target: x86_64-linux-gnu
Configured with: ../src/configure -v --with-pkgversion='Ubuntu 8.2.0-7ubuntu1' --with-bugurl=file:///usr/share/doc/gcc-8/README.Bugs --enable-languages=c,ada,c++,go,brig,d,fortran,objc,obj-c++ --prefix=/usr --with-gcc-major-version-only --program-suffix=-8 --program-prefix=x86_64-linux-gnu- --enable-shared --enable-linker-build-id --libexecdir=/usr/lib --without-included-gettext --enable-threads=posix --libdir=/usr/lib --enable-nls --with-sysroot=/ --enable-clocale=gnu --enable-libstdcxx-debug --enable-libstdcxx-time=yes --with-default-libstdcxx-abi=new --enable-gnu-unique-object --disable-vtable-verify --enable-libmpx --enable-plugin --enable-default-pie --with-system-zlib --with-target-system-zlib --enable-objc-gc=auto --enable-multiarch --disable-werror --with-arch-32=i686 --with-abi=m64 --with-multilib-list=m32,m64,mx32 --enable-multilib --with-tune=generic --enable-offload-targets=nvptx-none --without-cuda-driver --enable-checking=release --build=x86_64-linux-gnu --host=x86_64-linux-gnu --target=x86_64-linux-gnu
Thread model: posix
gcc version 8.2.0 (Ubuntu 8.2.0-7ubuntu1) 
configure:3215: $? = 0
configure:3204: g++ -V >&5
g++: error: unrecognized command line option '-V'
g++: fatal error: no input files
compilation terminated.
configure:3215: $? = 1
configure:3204: g++ -qversion >&5
g++: error: unrecognized command line option '-qversion'; did you mean '--version'?
g++: fatal error: no input files
compilation terminated.
configure:3215: $? = 1
configure:3235: checking whether the C++ compiler works
configure:3257: g++    conftest.cpp  >&5
configure:3261: $? = 0
configure:3309: result: yes
configure:3312: checking for C++ compiler default output file name
configure:3314: result: a.out
configure:3320: checking for suffix of executables
configure:3327: g++ -o conftest    conftest.cpp  >&5
configure:3331: $? = 0
configure:3353: result: 
configure:3375: checking whether we are cross compiling
configure:3383: g++ -o conftest    conftest.cpp  >&5
configure:3387: $? = 0
configure:3394: ./conftest
configure:3398: $? = 0
configure:3413: result: no
configure:3418: checking for suffix of object files
configure:3440: g++ -c   conftest.cpp >&5
configure:3444: $? = 0
configure:3465: result: o
configure:3469: checking whether we are using the GNU C++ compiler
configure:3488: g++ -c   conftest.cpp >&5
configure:3488: $? = 0
configure:3497: result: yes
configure:3506: checking whether g++ accepts -g
configure:3526: g++ -c -g  conftest.cpp >&5
configure:3526: $? = 0
configure:3567: result: yes
configure:3593: checking whether make supports the include directive
configure:3608: make -f confmf.GNU && cat confinc.out
this is the am__doit target
configure:3611: $? = 0
configure:3630: result: yes (GNU style)
configure:3655: checking dependency style of g++
configure:3766: result: gcc3
configure:3786: checking whether NLS is requested
configure:3795: result: yes
configure:3813: checking for intltool >= 0.35.0
configure:3815: result: 0.51.0 found
configure:3823: checking for intltool-update
configure:3841: found /usr/bin/intltool-update
configure:3853: result: /usr/bin/intltool-update
configure:3863: checking for intltool-merge
configure:3881: found /usr/bin/intltool-merge
configure:3893: result: /usr/bin/intltool-merge
configure:3903: checking for intltool-extract
configure:3921: found /usr/bin/intltool-extract
configure:3933: result: /usr/bin/intltool-extract
configure:4087: checking for xgettext
configure:4105: found /usr/bin/xgettext
configure:4117: result: /usr/bin/xgettext
configure:4127: checking for msgmerge
configure:4145: found /usr/bin/msgmerge
configure:4157: result: /usr/bin/msgmerge
configure:4167: checking for msgfmt
configure:4185: found /usr/bin/msgfmt
configure:4197: result: /usr/bin/msgfmt
configure:4207: checking for gmsgfmt
configure:4238: result: /usr/bin/msgfmt
configure:4258: checking for perl
configure:4276: found /usr/bin/perl
configure:4288: result: /usr/bin/perl
configure:4299: checking for perl >= 5.8.1
configure:4306: result: 5.26.2
configure:4310: checking for XML::Parser
configure:4313: result: ok
configure:4382: checking for gcc
configure:4398: found /usr/bin/gcc
configure:4409: result: gcc
configure:4638: checking for C compiler version
configure:4647: gcc --version >&5
gcc (Ubuntu 8.2.0-7ubuntu1) 8.2.0
Copyright (C) 2018 Free Software Foundation, Inc.
This is free software; see the source for copying conditions.  There is NO
warranty; not even for MERCHANTABILITY or FITNESS FOR A PARTICULAR PURPOSE.

configure:4658: $? = 0
configure:4647: gcc -v >&5
Using built-in specs.
COLLECT_GCC=gcc
COLLECT_LTO_WRAPPER=/usr/lib/gcc/x86_64-linux-gnu/8/lto-wrapper
OFFLOAD_TARGET_NAMES=nvptx-none
OFFLOAD_TARGET_DEFAULT=1
Target: x86_64-linux-gnu
Configured with: ../src/configure -v --with-pkgversion='Ubuntu 8.2.0-7ubuntu1' --with-bugurl=file:///usr/share/doc/gcc-8/README.Bugs --enable-languages=c,ada,c++,go,brig,d,fortran,objc,obj-c++ --prefix=/usr --with-gcc-major-version-only --program-suffix=-8 --program-prefix=x86_64-linux-gnu- --enable-shared --enable-linker-build-id --libexecdir=/usr/lib --without-included-gettext --enable-threads=posix --libdir=/usr/lib --enable-nls --with-sysroot=/ --enable-clocale=gnu --enable-libstdcxx-debug --enable-libstdcxx-time=yes --with-default-libstdcxx-abi=new --enable-gnu-unique-object --disable-vtable-verify --enable-libmpx --enable-plugin --enable-default-pie --with-system-zlib --with-target-system-zlib --enable-objc-gc=auto --enable-multiarch --disable-werror --with-arch-32=i686 --with-abi=m64 --with-multilib-list=m32,m64,mx32 --enable-multilib --with-tune=generic --enable-offload-targets=nvptx-none --without-cuda-driver --enable-checking=release --build=x86_64-linux-gnu --host=x86_64-linux-gnu --target=x86_64-linux-gnu
Thread model: posix
gcc version 8.2.0 (Ubuntu 8.2.0-7ubuntu1) 
configure:4658: $? = 0
configure:4647: gcc -V >&5
gcc: error: unrecognized command line option '-V'
gcc: fatal error: no input files
compilation terminated.
configure:4658: $? = 1
configure:4647: gcc -qversion >&5
gcc: error: unrecognized command line option '-qversion'; did you mean '--version'?
gcc: fatal error: no input files
compilation terminated.
configure:4658: $? = 1
configure:4662: checking whether we are using the GNU C compiler
configure:4681: gcc -c   conftest.c >&5
configure:4681: $? = 0
configure:4690: result: yes
configure:4699: checking whether gcc accepts -g
configure:4719: gcc -c -g  conftest.c >&5
configure:4719: $? = 0
configure:4760: result: yes
configure:4777: checking for gcc option to accept ISO C89
configure:4840: gcc  -c -g -O2  conftest.c >&5
configure:4840: $? = 0
configure:4853: result: none needed
configure:4878: checking whether gcc understands -c and -o together
configure:4900: gcc -c conftest.c -o conftest2.o
configure:4903: $? = 0
configure:4900: gcc -c conftest.c -o conftest2.o
configure:4903: $? = 0
configure:4915: result: yes
configure:4934: checking dependency style of gcc
configure:5045: result: gcc3
configure:5066: checking how to run the C preprocessor
configure:5097: gcc -E  conftest.c
configure:5097: $? = 0
configure:5111: gcc -E  conftest.c
conftest.c:12:10: fatal error: ac_nonexistent.h: No such file or directory
 #include <ac_nonexistent.h>
          ^~~~~~~~~~~~~~~~~~
compilation terminated.
configure:5111: $? = 1
configure: failed program was:
| /* confdefs.h */
| #define PACKAGE_NAME "gzzpanel"
| #define PACKAGE_TARNAME "gzzpanel"
| #define PACKAGE_VERSION "2.0"
| #define PACKAGE_STRING "gzzpanel 2.0"
| #define PACKAGE_BUGREPORT ""
| #define PACKAGE_URL ""
| #define PACKAGE "gzzpanel"
| #define VERSION "2.0"
| #define GETTEXT_PACKAGE "gzzpanel"
| /* end confdefs.h.  */
| #include <ac_nonexistent.h>
configure:5136: result: gcc -E
configure:5156: gcc -E  conftest.c
configure:5156: $? = 0
configure:5170: gcc -E  conftest.c
conftest.c:12:10: fatal error: ac_nonexistent.h: No such file or directory
 #include <ac_nonexistent.h>
          ^~~~~~~~~~~~~~~~~~
compilation terminated.
configure:5170: $? = 1
configure: failed program was:
| /* confdefs.h */
| #define PACKAGE_NAME "gzzpanel"
| #define PACKAGE_TARNAME "gzzpanel"
| #define PACKAGE_VERSION "2.0"
| #define PACKAGE_STRING "gzzpanel 2.0"
| #define PACKAGE_BUGREPORT ""
| #define PACKAGE_URL ""
| #define PACKAGE "gzzpanel"
| #define VERSION "2.0"
| #define GETTEXT_PACKAGE "gzzpanel"
| /* end confdefs.h.  */
| #include <ac_nonexistent.h>
configure:5199: checking for grep that handles long lines and -e
configure:5257: result: /bin/grep
configure:5262: checking for egrep
configure:5324: result: /bin/grep -E
configure:5329: checking for ANSI C header files
configure:5349: gcc -c -g -O2  conftest.c >&5
configure:5349: $? = 0
configure:5422: gcc -o conftest -g -O2   conftest.c  >&5
configure:5422: $? = 0
configure:5422: ./conftest
configure:5422: $? = 0
configure:5433: result: yes
configure:5446: checking for sys/types.h
configure:5446: gcc -c -g -O2  conftest.c >&5
configure:5446: $? = 0
configure:5446: result: yes
configure:5446: checking for sys/stat.h
configure:5446: gcc -c -g -O2  conftest.c >&5
configure:5446: $? = 0
configure:5446: result: yes
configure:5446: checking for stdlib.h
configure:5446: gcc -c -g -O2  conftest.c >&5
configure:5446: $? = 0
configure:5446: result: yes
configure:5446: checking for string.h
configure:5446: gcc -c -g -O2  conftest.c >&5
configure:5446: $? = 0
configure:5446: result: yes
configure:5446: checking for memory.h
configure:5446: gcc -c -g -O2  conftest.c >&5
configure:5446: $? = 0
configure:5446: result: yes
configure:5446: checking for strings.h
configure:5446: gcc -c -g -O2  conftest.c >&5
configure:5446: $? = 0
configure:5446: result: yes
configure:5446: checking for inttypes.h
configure:5446: gcc -c -g -O2  conftest.c >&5
configure:5446: $? = 0
configure:5446: result: yes
configure:5446: checking for stdint.h
configure:5446: gcc -c -g -O2  conftest.c >&5
configure:5446: $? = 0
configure:5446: result: yes
configure:5446: checking for unistd.h
configure:5446: gcc -c -g -O2  conftest.c >&5
configure:5446: $? = 0
configure:5446: result: yes
configure:5461: checking locale.h usability
configure:5461: gcc -c -g -O2  conftest.c >&5
configure:5461: $? = 0
configure:5461: result: yes
configure:5461: checking locale.h presence
configure:5461: gcc -E  conftest.c
configure:5461: $? = 0
configure:5461: result: yes
configure:5461: checking for locale.h
configure:5461: result: yes
configure:5472: checking for LC_MESSAGES
configure:5488: gcc -o conftest -g -O2   conftest.c  >&5
configure:5488: $? = 0
configure:5496: result: yes
configure:5514: checking for CFPreferencesCopyAppValue
configure:5532: gcc -o conftest -g -O2   conftest.c  -Wl,-framework -Wl,CoreFoundation >&5
conftest.c:24:10: fatal error: CoreFoundation/CFPreferences.h: No such file or directory
 #include <CoreFoundation/CFPreferences.h>
          ^~~~~~~~~~~~~~~~~~~~~~~~~~~~~~~~
compilation terminated.
configure:5532: $? = 1
configure: failed program was:
| /* confdefs.h */
| #define PACKAGE_NAME "gzzpanel"
| #define PACKAGE_TARNAME "gzzpanel"
| #define PACKAGE_VERSION "2.0"
| #define PACKAGE_STRING "gzzpanel 2.0"
| #define PACKAGE_BUGREPORT ""
| #define PACKAGE_URL ""
| #define PACKAGE "gzzpanel"
| #define VERSION "2.0"
| #define GETTEXT_PACKAGE "gzzpanel"
| #define STDC_HEADERS 1
| #define HAVE_SYS_TYPES_H 1
| #define HAVE_SYS_STAT_H 1
| #define HAVE_STDLIB_H 1
| #define HAVE_STRING_H 1
| #define HAVE_MEMORY_H 1
| #define HAVE_STRINGS_H 1
| #define HAVE_INTTYPES_H 1
| #define HAVE_STDINT_H 1
| #define HAVE_UNISTD_H 1
| #define HAVE_LOCALE_H 1
| #define HAVE_LC_MESSAGES 1
| /* end confdefs.h.  */
| #include <CoreFoundation/CFPreferences.h>
| int
| main ()
| {
| CFPreferencesCopyAppValue(NULL, NULL)
|   ;
|   return 0;
| }
configure:5541: result: no
configure:5548: checking for CFLocaleCopyCurrent
configure:5566: gcc -o conftest -g -O2   conftest.c  -Wl,-framework -Wl,CoreFoundation >&5
conftest.c:24:10: fatal error: CoreFoundation/CFLocale.h: No such file or directory
 #include <CoreFoundation/CFLocale.h>
          ^~~~~~~~~~~~~~~~~~~~~~~~~~~
compilation terminated.
configure:5566: $? = 1
configure: failed program was:
| /* confdefs.h */
| #define PACKAGE_NAME "gzzpanel"
| #define PACKAGE_TARNAME "gzzpanel"
| #define PACKAGE_VERSION "2.0"
| #define PACKAGE_STRING "gzzpanel 2.0"
| #define PACKAGE_BUGREPORT ""
| #define PACKAGE_URL ""
| #define PACKAGE "gzzpanel"
| #define VERSION "2.0"
| #define GETTEXT_PACKAGE "gzzpanel"
| #define STDC_HEADERS 1
| #define HAVE_SYS_TYPES_H 1
| #define HAVE_SYS_STAT_H 1
| #define HAVE_STDLIB_H 1
| #define HAVE_STRING_H 1
| #define HAVE_MEMORY_H 1
| #define HAVE_STRINGS_H 1
| #define HAVE_INTTYPES_H 1
| #define HAVE_STDINT_H 1
| #define HAVE_UNISTD_H 1
| #define HAVE_LOCALE_H 1
| #define HAVE_LC_MESSAGES 1
| /* end confdefs.h.  */
| #include <CoreFoundation/CFLocale.h>
| int
| main ()
| {
| CFLocaleCopyCurrent();
|   ;
|   return 0;
| }
configure:5575: result: no
configure:5589: checking libintl.h usability
configure:5589: gcc -c -g -O2  conftest.c >&5
configure:5589: $? = 0
configure:5589: result: yes
configure:5589: checking libintl.h presence
configure:5589: gcc -E  conftest.c
configure:5589: $? = 0
configure:5589: result: yes
configure:5589: checking for libintl.h
configure:5589: result: yes
configure:5597: checking for ngettext in libc
configure:5615: gcc -o conftest -g -O2   conftest.c  >&5
configure:5615: $? = 0
configure:5624: result: yes
configure:5628: checking for dgettext in libc
configure:5646: gcc -o conftest -g -O2   conftest.c  >&5
configure:5646: $? = 0
configure:5655: result: yes
configure:5662: checking for bind_textdomain_codeset
configure:5662: gcc -o conftest -g -O2   conftest.c  >&5
configure:5662: $? = 0
configure:5662: result: yes
configure:5938: checking for msgfmt
configure:5965: result: /usr/bin/msgfmt
configure:5976: checking for dcgettext
configure:5976: gcc -o conftest -g -O2   conftest.c   >&5
conftest.c:49:6: warning: conflicting types for built-in function 'dcgettext' [-Wbuiltin-declaration-mismatch]
 char dcgettext ();
      ^~~~~~~~~
configure:5976: $? = 0
configure:5976: result: yes
configure:5986: checking if msgfmt accepts -c
configure:6001: $MSGFMT -c -o /dev/null conftest.foo
conftest.foo:3: warning: header field 'Language' missing in header
configure:6004: $? = 0
configure:6006: result: yes
configure:6016: checking for gmsgfmt
configure:6047: result: /usr/bin/msgfmt
configure:6057: checking for xgettext
configure:6084: result: /usr/bin/xgettext
configure:6103: gcc -o conftest -g -O2   conftest.c   >&5
configure:6103: $? = 0
configure:6274: checking build system type
configure:6288: result: x86_64-unknown-linux-gnu
configure:6308: checking host system type
configure:6321: result: x86_64-unknown-linux-gnu
configure:6362: checking how to print strings
configure:6389: result: printf
configure:6410: checking for a sed that does not truncate output
configure:6474: result: /bin/sed
configure:6492: checking for fgrep
configure:6554: result: /bin/grep -F
configure:6589: checking for ld used by gcc
configure:6656: result: /usr/bin/ld
configure:6663: checking if the linker (/usr/bin/ld) is GNU ld
configure:6678: result: yes
configure:6690: checking for BSD- or MS-compatible name lister (nm)
configure:6744: result: /usr/bin/nm -B
configure:6874: checking the name lister (/usr/bin/nm -B) interface
configure:6881: gcc -c -g -O2  conftest.c >&5
configure:6884: /usr/bin/nm -B "conftest.o"
configure:6887: output
0000000000000000 B some_variable
configure:6894: result: BSD nm
configure:6897: checking whether ln -s works
configure:6901: result: yes
configure:6909: checking the maximum length of command line arguments
configure:7040: result: 1572864
configure:7088: checking how to convert x86_64-unknown-linux-gnu file names to x86_64-unknown-linux-gnu format
configure:7128: result: func_convert_file_noop
configure:7135: checking how to convert x86_64-unknown-linux-gnu file names to toolchain format
configure:7155: result: func_convert_file_noop
configure:7162: checking for /usr/bin/ld option to reload object files
configure:7169: result: -r
configure:7243: checking for objdump
configure:7259: found /usr/bin/objdump
configure:7270: result: objdump
configure:7302: checking how to recognize dependent libraries
configure:7502: result: pass_all
configure:7587: checking for dlltool
configure:7617: result: no
configure:7647: checking how to associate runtime and link libraries
configure:7674: result: printf %s\n
configure:7734: checking for ar
configure:7750: found /usr/bin/ar
configure:7761: result: ar
configure:7798: checking for archiver @FILE support
configure:7815: gcc -c -g -O2  conftest.c >&5
configure:7815: $? = 0
configure:7818: ar cru libconftest.a @conftest.lst >&5
ar: `u' modifier ignored since `D' is the default (see `U')
configure:7821: $? = 0
configure:7826: ar cru libconftest.a @conftest.lst >&5
ar: `u' modifier ignored since `D' is the default (see `U')
ar: conftest.o: No such file or directory
configure:7829: $? = 1
configure:7841: result: @
configure:7899: checking for strip
configure:7915: found /usr/bin/strip
configure:7926: result: strip
configure:7998: checking for ranlib
configure:8014: found /usr/bin/ranlib
configure:8025: result: ranlib
configure:8127: checking command to parse /usr/bin/nm -B output from gcc object
configure:8280: gcc -c -g -O2  conftest.c >&5
configure:8283: $? = 0
configure:8287: /usr/bin/nm -B conftest.o \| sed -n -e 's/^.*[ ]\([ABCDGIRSTW][ABCDGIRSTW]*\)[ ][ ]*\([_A-Za-z][_A-Za-z0-9]*\)$/\1 \2 \2/p' | sed '/ __gnu_lto/d' \> conftest.nm
configure:8290: $? = 0
configure:8356: gcc -o conftest -g -O2   conftest.c conftstm.o >&5
configure:8359: $? = 0
configure:8397: result: ok
configure:8444: checking for sysroot
configure:8474: result: no
configure:8481: checking for a working dd
configure:8519: result: /bin/dd
configure:8523: checking how to truncate binary pipes
configure:8538: result: /bin/dd bs=4096 count=1
configure:8674: gcc -c -g -O2  conftest.c >&5
configure:8677: $? = 0
configure:8867: checking for mt
configure:8883: found /bin/mt
configure:8894: result: mt
configure:8917: checking if mt is a manifest tool
configure:8923: mt '-?'
configure:8931: result: no
configure:9605: checking for dlfcn.h
configure:9605: gcc -c -g -O2  conftest.c >&5
configure:9605: $? = 0
configure:9605: result: yes
configure:9872: checking for objdir
configure:9887: result: .libs
configure:10147: checking if gcc supports -fno-rtti -fno-exceptions
configure:10165: gcc -c -g -O2  -fno-rtti -fno-exceptions conftest.c >&5
cc1: warning: command line option '-fno-rtti' is valid for C++/ObjC++ but not for C
configure:10169: $? = 0
configure:10182: result: no
configure:10540: checking for gcc option to produce PIC
configure:10547: result: -fPIC -DPIC
configure:10555: checking if gcc PIC flag -fPIC -DPIC works
configure:10573: gcc -c -g -O2  -fPIC -DPIC -DPIC conftest.c >&5
configure:10577: $? = 0
configure:10590: result: yes
configure:10619: checking if gcc static flag -static works
configure:10647: result: yes
configure:10662: checking if gcc supports -c -o file.o
configure:10683: gcc -c -g -O2  -o out/conftest2.o conftest.c >&5
configure:10687: $? = 0
configure:10709: result: yes
configure:10717: checking if gcc supports -c -o file.o
configure:10764: result: yes
configure:10797: checking whether the gcc linker (/usr/bin/ld -m elf_x86_64) supports shared libraries
configure:12060: result: yes
configure:12097: checking whether -lc should be explicitly linked in
configure:12105: gcc -c -g -O2  conftest.c >&5
configure:12108: $? = 0
configure:12123: gcc -shared  -fPIC -DPIC conftest.o  -v -Wl,-soname -Wl,conftest -o conftest 2\>\&1 \| /bin/grep  -lc  \>/dev/null 2\>\&1
configure:12126: $? = 0
configure:12140: result: no
configure:12300: checking dynamic linker characteristics
configure:12881: gcc -o conftest -g -O2   -Wl,-rpath -Wl,/foo conftest.c  >&5
configure:12881: $? = 0
configure:13130: result: GNU/Linux ld.so
configure:13252: checking how to hardcode library paths into programs
configure:13277: result: immediate
configure:13825: checking whether stripping libraries is possible
configure:13830: result: yes
configure:13865: checking if libtool supports shared libraries
configure:13867: result: yes
configure:13870: checking whether to build shared libraries
configure:13895: result: yes
configure:13898: checking whether to build static libraries
configure:13902: result: yes
configure:13925: checking how to run the C++ preprocessor
configure:13952: g++ -E  conftest.cpp
configure:13952: $? = 0
configure:13966: g++ -E  conftest.cpp
conftest.cpp:30:10: fatal error: ac_nonexistent.h: No such file or directory
 #include <ac_nonexistent.h>
          ^~~~~~~~~~~~~~~~~~
compilation terminated.
configure:13966: $? = 1
configure: failed program was:
| /* confdefs.h */
| #define PACKAGE_NAME "gzzpanel"
| #define PACKAGE_TARNAME "gzzpanel"
| #define PACKAGE_VERSION "2.0"
| #define PACKAGE_STRING "gzzpanel 2.0"
| #define PACKAGE_BUGREPORT ""
| #define PACKAGE_URL ""
| #define PACKAGE "gzzpanel"
| #define VERSION "2.0"
| #define GETTEXT_PACKAGE "gzzpanel"
| #define STDC_HEADERS 1
| #define HAVE_SYS_TYPES_H 1
| #define HAVE_SYS_STAT_H 1
| #define HAVE_STDLIB_H 1
| #define HAVE_STRING_H 1
| #define HAVE_MEMORY_H 1
| #define HAVE_STRINGS_H 1
| #define HAVE_INTTYPES_H 1
| #define HAVE_STDINT_H 1
| #define HAVE_UNISTD_H 1
| #define HAVE_LOCALE_H 1
| #define HAVE_LC_MESSAGES 1
| #define HAVE_BIND_TEXTDOMAIN_CODESET 1
| #define HAVE_GETTEXT 1
| #define HAVE_DCGETTEXT 1
| #define ENABLE_NLS 1
| #define HAVE_DLFCN_H 1
| #define LT_OBJDIR ".libs/"
| /* end confdefs.h.  */
| #include <ac_nonexistent.h>
configure:13991: result: g++ -E
configure:14011: g++ -E  conftest.cpp
configure:14011: $? = 0
configure:14025: g++ -E  conftest.cpp
conftest.cpp:30:10: fatal error: ac_nonexistent.h: No such file or directory
 #include <ac_nonexistent.h>
          ^~~~~~~~~~~~~~~~~~
compilation terminated.
configure:14025: $? = 1
configure: failed program was:
| /* confdefs.h */
| #define PACKAGE_NAME "gzzpanel"
| #define PACKAGE_TARNAME "gzzpanel"
| #define PACKAGE_VERSION "2.0"
| #define PACKAGE_STRING "gzzpanel 2.0"
| #define PACKAGE_BUGREPORT ""
| #define PACKAGE_URL ""
| #define PACKAGE "gzzpanel"
| #define VERSION "2.0"
| #define GETTEXT_PACKAGE "gzzpanel"
| #define STDC_HEADERS 1
| #define HAVE_SYS_TYPES_H 1
| #define HAVE_SYS_STAT_H 1
| #define HAVE_STDLIB_H 1
| #define HAVE_STRING_H 1
| #define HAVE_MEMORY_H 1
| #define HAVE_STRINGS_H 1
| #define HAVE_INTTYPES_H 1
| #define HAVE_STDINT_H 1
| #define HAVE_UNISTD_H 1
| #define HAVE_LOCALE_H 1
| #define HAVE_LC_MESSAGES 1
| #define HAVE_BIND_TEXTDOMAIN_CODESET 1
| #define HAVE_GETTEXT 1
| #define HAVE_DCGETTEXT 1
| #define ENABLE_NLS 1
| #define HAVE_DLFCN_H 1
| #define LT_OBJDIR ".libs/"
| /* end confdefs.h.  */
| #include <ac_nonexistent.h>
configure:14187: checking for ld used by g++
configure:14254: result: /usr/bin/ld -m elf_x86_64
configure:14261: checking if the linker (/usr/bin/ld -m elf_x86_64) is GNU ld
configure:14276: result: yes
configure:14331: checking whether the g++ linker (/usr/bin/ld -m elf_x86_64) supports shared libraries
configure:15404: result: yes
configure:15440: g++ -c -g -O2  conftest.cpp >&5
configure:15443: $? = 0
configure:15924: checking for g++ option to produce PIC
configure:15931: result: -fPIC -DPIC
configure:15939: checking if g++ PIC flag -fPIC -DPIC works
configure:15957: g++ -c -g -O2  -fPIC -DPIC -DPIC conftest.cpp >&5
configure:15961: $? = 0
configure:15974: result: yes
configure:15997: checking if g++ static flag -static works
configure:16025: result: yes
configure:16037: checking if g++ supports -c -o file.o
configure:16058: g++ -c -g -O2  -o out/conftest2.o conftest.cpp >&5
configure:16062: $? = 0
configure:16084: result: yes
configure:16089: checking if g++ supports -c -o file.o
configure:16136: result: yes
configure:16166: checking whether the g++ linker (/usr/bin/ld -m elf_x86_64) supports shared libraries
configure:16209: result: yes
configure:16350: checking dynamic linker characteristics
configure:17107: result: GNU/Linux ld.so
configure:17172: checking how to hardcode library paths into programs
configure:17197: result: immediate
configure:17315: checking for pkg-config
configure:17333: found /usr/bin/pkg-config
configure:17345: result: /usr/bin/pkg-config
configure:17370: checking pkg-config is at least version 0.9.0
configure:17373: result: yes
configure:17383: checking for LIBWNCK
configure:17390: $PKG_CONFIG --exists --print-errors "libwnck-3.0"
configure:17393: $? = 0
configure:17407: $PKG_CONFIG --exists --print-errors "libwnck-3.0"
configure:17410: $? = 0
configure:17468: result: yes
configure:17475: checking for GZZPANEL
configure:17484: $PKG_CONFIG --exists --print-errors "libxml++-2.6
gtkmm-3.0
libwnck-3.0"
configure:17489: $? = 0
configure:17507: $PKG_CONFIG --exists --print-errors "libxml++-2.6
gtkmm-3.0
libwnck-3.0"
configure:17512: $? = 0
configure:17578: result: yes
configure:17697: checking that generated files are newer than configure
configure:17703: result: done
configure:17734: creating ./config.status

## ---------------------- ##
## Running config.status. ##
## ---------------------- ##

This file was extended by gzzpanel config.status 2.0, which was
generated by GNU Autoconf 2.69.  Invocation command line was

  CONFIG_FILES    = 
  CONFIG_HEADERS  = 
  CONFIG_LINKS    = 
  CONFIG_COMMANDS = 
  $ ./config.status 

on rakbat

config.status:1247: creating Makefile
config.status:1247: creating src/Makefile
config.status:1247: creating po/Makefile.in
config.status:1247: creating config.h
config.status:1428: config.h is unchanged
config.status:1476: executing depfiles commands
config.status:1553: cd src       && sed -e '/# am--include-marker/d' Makefile         | make -f - am--depfiles
make: Nothing to be done for 'am--depfiles'.
config.status:1558: $? = 0
config.status:1476: executing default-1 commands
config.status:1476: executing libtool commands
config.status:1476: executing po/stamp-it commands

## ---------------- ##
## Cache variables. ##
## ---------------- ##

ac_cv_build=x86_64-unknown-linux-gnu
ac_cv_c_compiler_gnu=yes
ac_cv_cxx_compiler_gnu=yes
ac_cv_env_CCC_set=
ac_cv_env_CCC_value=
ac_cv_env_CC_set=
ac_cv_env_CC_value=
ac_cv_env_CFLAGS_set=
ac_cv_env_CFLAGS_value=
ac_cv_env_CPPFLAGS_set=
ac_cv_env_CPPFLAGS_value=
ac_cv_env_CPP_set=
ac_cv_env_CPP_value=
ac_cv_env_CXXCPP_set=
ac_cv_env_CXXCPP_value=
ac_cv_env_CXXFLAGS_set=
ac_cv_env_CXXFLAGS_value=
ac_cv_env_CXX_set=
ac_cv_env_CXX_value=
ac_cv_env_GZZPANEL_CFLAGS_set=
ac_cv_env_GZZPANEL_CFLAGS_value=
ac_cv_env_GZZPANEL_LIBS_set=
ac_cv_env_GZZPANEL_LIBS_value=
ac_cv_env_LDFLAGS_set=
ac_cv_env_LDFLAGS_value=
ac_cv_env_LIBS_set=
ac_cv_env_LIBS_value=
ac_cv_env_LIBWNCK_CFLAGS_set=
ac_cv_env_LIBWNCK_CFLAGS_value=
ac_cv_env_LIBWNCK_LIBS_set=
ac_cv_env_LIBWNCK_LIBS_value=
ac_cv_env_LT_SYS_LIBRARY_PATH_set=
ac_cv_env_LT_SYS_LIBRARY_PATH_value=
ac_cv_env_PKG_CONFIG_LIBDIR_set=
ac_cv_env_PKG_CONFIG_LIBDIR_value=
ac_cv_env_PKG_CONFIG_PATH_set=set
ac_cv_env_PKG_CONFIG_PATH_value=/usr/lib/pkgconfig:/usr/local/lib/pkgconfig:/usr/share/pkgconfig
ac_cv_env_PKG_CONFIG_set=
ac_cv_env_PKG_CONFIG_value=
ac_cv_env_build_alias_set=
ac_cv_env_build_alias_value=
ac_cv_env_host_alias_set=
ac_cv_env_host_alias_value=
ac_cv_env_target_alias_set=
ac_cv_env_target_alias_value=
ac_cv_func_bind_textdomain_codeset=yes
ac_cv_func_dcgettext=yes
ac_cv_header_dlfcn_h=yes
ac_cv_header_inttypes_h=yes
ac_cv_header_libintl_h=yes
ac_cv_header_locale_h=yes
ac_cv_header_memory_h=yes
ac_cv_header_stdc=yes
ac_cv_header_stdint_h=yes
ac_cv_header_stdlib_h=yes
ac_cv_header_string_h=yes
ac_cv_header_strings_h=yes
ac_cv_header_sys_stat_h=yes
ac_cv_header_sys_types_h=yes
ac_cv_header_unistd_h=yes
ac_cv_host=x86_64-unknown-linux-gnu
ac_cv_objext=o
ac_cv_path_EGREP='/bin/grep -E'
ac_cv_path_FGREP='/bin/grep -F'
ac_cv_path_GMSGFMT=/usr/bin/msgfmt
ac_cv_path_GREP=/bin/grep
ac_cv_path_INTLTOOL_EXTRACT=/usr/bin/intltool-extract
ac_cv_path_INTLTOOL_MERGE=/usr/bin/intltool-merge
ac_cv_path_INTLTOOL_PERL=/usr/bin/perl
ac_cv_path_INTLTOOL_UPDATE=/usr/bin/intltool-update
ac_cv_path_MSGFMT=/usr/bin/msgfmt
ac_cv_path_MSGMERGE=/usr/bin/msgmerge
ac_cv_path_SED=/bin/sed
ac_cv_path_XGETTEXT=/usr/bin/xgettext
ac_cv_path_ac_pt_PKG_CONFIG=/usr/bin/pkg-config
ac_cv_path_install='/usr/bin/install -c'
ac_cv_path_lt_DD=/bin/dd
ac_cv_path_mkdir=/bin/mkdir
ac_cv_prog_AWK=gawk
ac_cv_prog_CPP='gcc -E'
ac_cv_prog_CXXCPP='g++ -E'
ac_cv_prog_ac_ct_AR=ar
ac_cv_prog_ac_ct_CC=gcc
ac_cv_prog_ac_ct_CXX=g++
ac_cv_prog_ac_ct_MANIFEST_TOOL=mt
ac_cv_prog_ac_ct_OBJDUMP=objdump
ac_cv_prog_ac_ct_RANLIB=ranlib
ac_cv_prog_ac_ct_STRIP=strip
ac_cv_prog_cc_c89=
ac_cv_prog_cc_g=yes
ac_cv_prog_cxx_g=yes
ac_cv_prog_make_make_set=yes
am_cv_CC_dependencies_compiler_type=gcc3
am_cv_CXX_dependencies_compiler_type=gcc3
am_cv_make_support_nested_variables=yes
am_cv_prog_cc_c_o=yes
am_cv_val_LC_MESSAGES=yes
gt_cv_func_CFLocaleCopyCurrent=no
gt_cv_func_CFPreferencesCopyAppValue=no
gt_cv_func_dgettext_libc=yes
gt_cv_func_dgettext_libintl=no
gt_cv_func_ngettext_libc=yes
gt_cv_have_gettext=yes
lt_cv_ar_at_file=@
lt_cv_archive_cmds_need_lc=no
lt_cv_deplibs_check_method=pass_all
lt_cv_file_magic_cmd='$MAGIC_CMD'
lt_cv_file_magic_test_file=
lt_cv_ld_reload_flag=-r
lt_cv_nm_interface='BSD nm'
lt_cv_objdir=.libs
lt_cv_path_LD=/usr/bin/ld
lt_cv_path_LDCXX='/usr/bin/ld -m elf_x86_64'
lt_cv_path_NM='/usr/bin/nm -B'
lt_cv_path_mainfest_tool=no
lt_cv_prog_compiler_c_o=yes
lt_cv_prog_compiler_c_o_CXX=yes
lt_cv_prog_compiler_pic='-fPIC -DPIC'
lt_cv_prog_compiler_pic_CXX='-fPIC -DPIC'
lt_cv_prog_compiler_pic_works=yes
lt_cv_prog_compiler_pic_works_CXX=yes
lt_cv_prog_compiler_rtti_exceptions=no
lt_cv_prog_compiler_static_works=yes
lt_cv_prog_compiler_static_works_CXX=yes
lt_cv_prog_gnu_ld=yes
lt_cv_prog_gnu_ldcxx=yes
lt_cv_sharedlib_from_linklib_cmd='printf %s\n'
lt_cv_shlibpath_overrides_runpath=yes
lt_cv_sys_global_symbol_pipe='sed -n -e '\''s/^.*[	 ]\([ABCDGIRSTW][ABCDGIRSTW]*\)[	 ][	 ]*\([_A-Za-z][_A-Za-z0-9]*\)$/\1 \2 \2/p'\'' | sed '\''/ __gnu_lto/d'\'''
lt_cv_sys_global_symbol_to_c_name_address='sed -n -e '\''s/^: \(.*\) .*$/  {"\1", (void *) 0},/p'\'' -e '\''s/^[ABCDGIRSTW][ABCDGIRSTW]* .* \(.*\)$/  {"\1", (void *) \&\1},/p'\'''
lt_cv_sys_global_symbol_to_c_name_address_lib_prefix='sed -n -e '\''s/^: \(.*\) .*$/  {"\1", (void *) 0},/p'\'' -e '\''s/^[ABCDGIRSTW][ABCDGIRSTW]* .* \(lib.*\)$/  {"\1", (void *) \&\1},/p'\'' -e '\''s/^[ABCDGIRSTW][ABCDGIRSTW]* .* \(.*\)$/  {"lib\1", (void *) \&\1},/p'\'''
lt_cv_sys_global_symbol_to_cdecl='sed -n -e '\''s/^T .* \(.*\)$/extern int \1();/p'\'' -e '\''s/^[ABCDGIRSTW][ABCDGIRSTW]* .* \(.*\)$/extern char \1;/p'\'''
lt_cv_sys_global_symbol_to_import=
lt_cv_sys_max_cmd_len=1572864
lt_cv_to_host_file_cmd=func_convert_file_noop
lt_cv_to_tool_file_cmd=func_convert_file_noop
lt_cv_truncate_bin='/bin/dd bs=4096 count=1'
pkg_cv_GZZPANEL_CFLAGS='-pthread -I/usr/include/libxml++-2.6 -I/usr/lib/x86_64-linux-gnu/libxml++-2.6/include -I/usr/include/libxml2 -I/usr/include/gtkmm-3.0 -I/usr/lib/x86_64-linux-gnu/gtkmm-3.0/include -I/usr/include/atkmm-1.6 -I/usr/include/gtk-3.0/unix-print -I/usr/include/gdkmm-3.0 -I/usr/lib/x86_64-linux-gnu/gdkmm-3.0/include -I/usr/include/giomm-2.4 -I/usr/lib/x86_64-linux-gnu/giomm-2.4/include -I/usr/include/pangomm-1.4 -I/usr/lib/x86_64-linux-gnu/pangomm-1.4/include -I/usr/include/glibmm-2.4 -I/usr/lib/x86_64-linux-gnu/glibmm-2.4/include -I/usr/include/cairomm-1.0 -I/usr/lib/x86_64-linux-gnu/cairomm-1.0/include -I/usr/include/sigc++-2.0 -I/usr/lib/x86_64-linux-gnu/sigc++-2.0/include -I/usr/include/libwnck-3.0 -I/usr/include/startup-notification-1.0 -I/usr/include/gtk-3.0 -I/usr/include/at-spi2-atk/2.0 -I/usr/include/at-spi-2.0 -I/usr/include/dbus-1.0 -I/usr/lib/x86_64-linux-gnu/dbus-1.0/include -I/usr/include/gtk-3.0 -I/usr/include/gio-unix-2.0/ -I/usr/include/cairo -I/usr/include/libdrm -I/usr/include/pango-1.0 -I/usr/include/harfbuzz -I/usr/include/pango-1.0 -I/usr/include/fribidi -I/usr/include/atk-1.0 -I/usr/include/cairo -I/usr/include/pixman-1 -I/usr/include/uuid -I/usr/include/freetype2 -I/usr/include/libpng16 -I/usr/include/gdk-pixbuf-2.0 -I/usr/include/glib-2.0 -I/usr/lib/x86_64-linux-gnu/glib-2.0/include'
pkg_cv_GZZPANEL_LIBS='-lxml++-2.6 -lxml2 -lgtkmm-3.0 -latkmm-1.6 -lgdkmm-3.0 -lgiomm-2.4 -lpangomm-1.4 -lglibmm-2.4 -lcairomm-1.0 -lsigc-2.0 -lwnck-3 -lgtk-3 -lgdk-3 -lpangocairo-1.0 -lpango-1.0 -latk-1.0 -lcairo-gobject -lcairo -lgdk_pixbuf-2.0 -lgio-2.0 -lgobject-2.0 -lglib-2.0'
pkg_cv_LIBWNCK_CFLAGS='-pthread -I/usr/include/libwnck-3.0 -I/usr/include/startup-notification-1.0 -I/usr/include/gtk-3.0 -I/usr/include/at-spi2-atk/2.0 -I/usr/include/at-spi-2.0 -I/usr/include/dbus-1.0 -I/usr/lib/x86_64-linux-gnu/dbus-1.0/include -I/usr/include/gtk-3.0 -I/usr/include/gio-unix-2.0/ -I/usr/include/cairo -I/usr/include/libdrm -I/usr/include/pango-1.0 -I/usr/include/harfbuzz -I/usr/include/pango-1.0 -I/usr/include/fribidi -I/usr/include/atk-1.0 -I/usr/include/cairo -I/usr/include/pixman-1 -I/usr/include/uuid -I/usr/include/freetype2 -I/usr/include/libpng16 -I/usr/include/gdk-pixbuf-2.0 -I/usr/include/glib-2.0 -I/usr/lib/x86_64-linux-gnu/glib-2.0/include'
pkg_cv_LIBWNCK_LIBS='-lwnck-3 -lgtk-3 -lgdk-3 -lpangocairo-1.0 -lpango-1.0 -latk-1.0 -lcairo-gobject -lcairo -lgdk_pixbuf-2.0 -lgio-2.0 -lgobject-2.0 -lglib-2.0'

## ----------------- ##
## Output variables. ##
## ----------------- ##

ACLOCAL='${SHELL} /home/grizzlysmit/Projects/gzzpanel/missing aclocal-1.16'
ALL_LINGUAS=''
AMDEPBACKSLASH='\'
AMDEP_FALSE='#'
AMDEP_TRUE=''
AMTAR='$${TAR-tar}'
AM_BACKSLASH='\'
AM_DEFAULT_V='$(AM_DEFAULT_VERBOSITY)'
AM_DEFAULT_VERBOSITY='0'
AM_V='$(V)'
AR='ar'
AUTOCONF='${SHELL} /home/grizzlysmit/Projects/gzzpanel/missing autoconf'
AUTOHEADER='${SHELL} /home/grizzlysmit/Projects/gzzpanel/missing autoheader'
AUTOMAKE='${SHELL} /home/grizzlysmit/Projects/gzzpanel/missing automake-1.16'
AWK='gawk'
CATALOGS=''
CATOBJEXT='.gmo'
CC='gcc'
CCDEPMODE='depmode=gcc3'
CFLAGS='-g -O2'
CPP='gcc -E'
CPPFLAGS=''
CXX='g++'
CXXCPP='g++ -E'
CXXDEPMODE='depmode=gcc3'
CXXFLAGS='-g -O2'
CYGPATH_W='echo'
DATADIRNAME='share'
DEFS='-DHAVE_CONFIG_H'
DEPDIR='.deps'
DLLTOOL='false'
DSYMUTIL=''
DUMPBIN=''
ECHO_C=''
ECHO_N='-n'
ECHO_T=''
EGREP='/bin/grep -E'
EXEEXT=''
FGREP='/bin/grep -F'
GETTEXT_PACKAGE='gzzpanel'
GMOFILES=''
GMSGFMT='/usr/bin/msgfmt'
GREP='/bin/grep'
GZZPANEL_CFLAGS='-pthread -I/usr/include/libxml++-2.6 -I/usr/lib/x86_64-linux-gnu/libxml++-2.6/include -I/usr/include/libxml2 -I/usr/include/gtkmm-3.0 -I/usr/lib/x86_64-linux-gnu/gtkmm-3.0/include -I/usr/include/atkmm-1.6 -I/usr/include/gtk-3.0/unix-print -I/usr/include/gdkmm-3.0 -I/usr/lib/x86_64-linux-gnu/gdkmm-3.0/include -I/usr/include/giomm-2.4 -I/usr/lib/x86_64-linux-gnu/giomm-2.4/include -I/usr/include/pangomm-1.4 -I/usr/lib/x86_64-linux-gnu/pangomm-1.4/include -I/usr/include/glibmm-2.4 -I/usr/lib/x86_64-linux-gnu/glibmm-2.4/include -I/usr/include/cairomm-1.0 -I/usr/lib/x86_64-linux-gnu/cairomm-1.0/include -I/usr/include/sigc++-2.0 -I/usr/lib/x86_64-linux-gnu/sigc++-2.0/include -I/usr/include/libwnck-3.0 -I/usr/include/startup-notification-1.0 -I/usr/include/gtk-3.0 -I/usr/include/at-spi2-atk/2.0 -I/usr/include/at-spi-2.0 -I/usr/include/dbus-1.0 -I/usr/lib/x86_64-linux-gnu/dbus-1.0/include -I/usr/include/gtk-3.0 -I/usr/include/gio-unix-2.0/ -I/usr/include/cairo -I/usr/include/libdrm -I/usr/include/pango-1.0 -I/usr/include/harfbuzz -I/usr/include/pango-1.0 -I/usr/include/fribidi -I/usr/include/atk-1.0 -I/usr/include/cairo -I/usr/include/pixman-1 -I/usr/include/uuid -I/usr/include/freetype2 -I/usr/include/libpng16 -I/usr/include/gdk-pixbuf-2.0 -I/usr/include/glib-2.0 -I/usr/lib/x86_64-linux-gnu/glib-2.0/include'
GZZPANEL_LIBS='-lxml++-2.6 -lxml2 -lgtkmm-3.0 -latkmm-1.6 -lgdkmm-3.0 -lgiomm-2.4 -lpangomm-1.4 -lglibmm-2.4 -lcairomm-1.0 -lsigc-2.0 -lwnck-3 -lgtk-3 -lgdk-3 -lpangocairo-1.0 -lpango-1.0 -latk-1.0 -lcairo-gobject -lcairo -lgdk_pixbuf-2.0 -lgio-2.0 -lgobject-2.0 -lglib-2.0'
INSTALL_DATA='${INSTALL} -m 644'
INSTALL_PROGRAM='${INSTALL}'
INSTALL_SCRIPT='${INSTALL}'
INSTALL_STRIP_PROGRAM='$(install_sh) -c -s'
INSTOBJEXT='.mo'
INTLLIBS=''
INTLTOOL_CAVES_RULE='%.caves:     %.caves.in     $(INTLTOOL_MERGE) $(wildcard $(top_srcdir)/po/*.po) ; $(INTLTOOL_V_MERGE)LC_ALL=C $(INTLTOOL_MERGE) $(INTLTOOL_V_MERGE_OPTIONS) -d -u -c $(top_builddir)/po/.intltool-merge-cache $(top_srcdir)/po $< $@'
INTLTOOL_DESKTOP_RULE='%.desktop:   %.desktop.in   $(INTLTOOL_MERGE) $(wildcard $(top_srcdir)/po/*.po) ; $(INTLTOOL_V_MERGE)LC_ALL=C $(INTLTOOL_MERGE) $(INTLTOOL_V_MERGE_OPTIONS) -d -u -c $(top_builddir)/po/.intltool-merge-cache $(top_srcdir)/po $< $@'
INTLTOOL_DIRECTORY_RULE='%.directory: %.directory.in $(INTLTOOL_MERGE) $(wildcard $(top_srcdir)/po/*.po) ; $(INTLTOOL_V_MERGE)LC_ALL=C $(INTLTOOL_MERGE) $(INTLTOOL_V_MERGE_OPTIONS) -d -u -c $(top_builddir)/po/.intltool-merge-cache $(top_srcdir)/po $< $@'
INTLTOOL_EXTRACT='/usr/bin/intltool-extract'
INTLTOOL_KBD_RULE='%.kbd:       %.kbd.in       $(INTLTOOL_MERGE) $(wildcard $(top_srcdir)/po/*.po) ; $(INTLTOOL_V_MERGE)LC_ALL=C $(INTLTOOL_MERGE) $(INTLTOOL_V_MERGE_OPTIONS) -x -u -m -c $(top_builddir)/po/.intltool-merge-cache $(top_srcdir)/po $< $@'
INTLTOOL_KEYS_RULE='%.keys:      %.keys.in      $(INTLTOOL_MERGE) $(wildcard $(top_srcdir)/po/*.po) ; $(INTLTOOL_V_MERGE)LC_ALL=C $(INTLTOOL_MERGE) $(INTLTOOL_V_MERGE_OPTIONS) -k -u -c $(top_builddir)/po/.intltool-merge-cache $(top_srcdir)/po $< $@'
INTLTOOL_MERGE='/usr/bin/intltool-merge'
INTLTOOL_OAF_RULE='%.oaf:       %.oaf.in       $(INTLTOOL_MERGE) $(wildcard $(top_srcdir)/po/*.po) ; $(INTLTOOL_V_MERGE)LC_ALL=C $(INTLTOOL_MERGE) $(INTLTOOL_V_MERGE_OPTIONS) -o -p $(top_srcdir)/po $< $@'
INTLTOOL_PERL='/usr/bin/perl'
INTLTOOL_POLICY_RULE='%.policy:    %.policy.in    $(INTLTOOL_MERGE) $(wildcard $(top_srcdir)/po/*.po) ; $(INTLTOOL_V_MERGE)LC_ALL=C $(INTLTOOL_MERGE) $(INTLTOOL_V_MERGE_OPTIONS) -x -u -c $(top_builddir)/po/.intltool-merge-cache $(top_srcdir)/po $< $@'
INTLTOOL_PONG_RULE='%.pong:      %.pong.in      $(INTLTOOL_MERGE) $(wildcard $(top_srcdir)/po/*.po) ; $(INTLTOOL_V_MERGE)LC_ALL=C $(INTLTOOL_MERGE) $(INTLTOOL_V_MERGE_OPTIONS) -x -u -c $(top_builddir)/po/.intltool-merge-cache $(top_srcdir)/po $< $@'
INTLTOOL_PROP_RULE='%.prop:      %.prop.in      $(INTLTOOL_MERGE) $(wildcard $(top_srcdir)/po/*.po) ; $(INTLTOOL_V_MERGE)LC_ALL=C $(INTLTOOL_MERGE) $(INTLTOOL_V_MERGE_OPTIONS) -d -u -c $(top_builddir)/po/.intltool-merge-cache $(top_srcdir)/po $< $@'
INTLTOOL_SCHEMAS_RULE='%.schemas:   %.schemas.in   $(INTLTOOL_MERGE) $(wildcard $(top_srcdir)/po/*.po) ; $(INTLTOOL_V_MERGE)LC_ALL=C $(INTLTOOL_MERGE) $(INTLTOOL_V_MERGE_OPTIONS) -s -u -c $(top_builddir)/po/.intltool-merge-cache $(top_srcdir)/po $< $@'
INTLTOOL_SERVER_RULE='%.server:    %.server.in    $(INTLTOOL_MERGE) $(wildcard $(top_srcdir)/po/*.po) ; $(INTLTOOL_V_MERGE)LC_ALL=C $(INTLTOOL_MERGE) $(INTLTOOL_V_MERGE_OPTIONS) -o -u -c $(top_builddir)/po/.intltool-merge-cache $(top_srcdir)/po $< $@'
INTLTOOL_SERVICE_RULE='%.service: %.service.in   $(INTLTOOL_MERGE) $(wildcard $(top_srcdir)/po/*.po) ; $(INTLTOOL_V_MERGE)LC_ALL=C $(INTLTOOL_MERGE) $(INTLTOOL_V_MERGE_OPTIONS) -d -u -c $(top_builddir)/po/.intltool-merge-cache $(top_srcdir)/po $< $@'
INTLTOOL_SHEET_RULE='%.sheet:     %.sheet.in     $(INTLTOOL_MERGE) $(wildcard $(top_srcdir)/po/*.po) ; $(INTLTOOL_V_MERGE)LC_ALL=C $(INTLTOOL_MERGE) $(INTLTOOL_V_MERGE_OPTIONS) -x -u -c $(top_builddir)/po/.intltool-merge-cache $(top_srcdir)/po $< $@'
INTLTOOL_SOUNDLIST_RULE='%.soundlist: %.soundlist.in $(INTLTOOL_MERGE) $(wildcard $(top_srcdir)/po/*.po) ; $(INTLTOOL_V_MERGE)LC_ALL=C $(INTLTOOL_MERGE) $(INTLTOOL_V_MERGE_OPTIONS) -d -u -c $(top_builddir)/po/.intltool-merge-cache $(top_srcdir)/po $< $@'
INTLTOOL_THEME_RULE='%.theme:     %.theme.in     $(INTLTOOL_MERGE) $(wildcard $(top_srcdir)/po/*.po) ; $(INTLTOOL_V_MERGE)LC_ALL=C $(INTLTOOL_MERGE) $(INTLTOOL_V_MERGE_OPTIONS) -d -u -c $(top_builddir)/po/.intltool-merge-cache $(top_srcdir)/po $< $@'
INTLTOOL_UI_RULE='%.ui:        %.ui.in        $(INTLTOOL_MERGE) $(wildcard $(top_srcdir)/po/*.po) ; $(INTLTOOL_V_MERGE)LC_ALL=C $(INTLTOOL_MERGE) $(INTLTOOL_V_MERGE_OPTIONS) -x -u -c $(top_builddir)/po/.intltool-merge-cache $(top_srcdir)/po $< $@'
INTLTOOL_UPDATE='/usr/bin/intltool-update'
INTLTOOL_V_MERGE='$(INTLTOOL__v_MERGE_$(V))'
INTLTOOL_V_MERGE_OPTIONS='$(intltool__v_merge_options_$(V))'
INTLTOOL_XAM_RULE='%.xam:       %.xml.in       $(INTLTOOL_MERGE) $(wildcard $(top_srcdir)/po/*.po) ; $(INTLTOOL_V_MERGE)LC_ALL=C $(INTLTOOL_MERGE) $(INTLTOOL_V_MERGE_OPTIONS) -x -u -c $(top_builddir)/po/.intltool-merge-cache $(top_srcdir)/po $< $@'
INTLTOOL_XML_NOMERGE_RULE='%.xml:       %.xml.in       $(INTLTOOL_MERGE) ; $(INTLTOOL_V_MERGE)LC_ALL=C $(INTLTOOL_MERGE) $(INTLTOOL_V_MERGE_OPTIONS) -x -u --no-translations $< $@'
INTLTOOL_XML_RULE='%.xml:       %.xml.in       $(INTLTOOL_MERGE) $(wildcard $(top_srcdir)/po/*.po) ; $(INTLTOOL_V_MERGE)LC_ALL=C $(INTLTOOL_MERGE) $(INTLTOOL_V_MERGE_OPTIONS) -x -u -c $(top_builddir)/po/.intltool-merge-cache $(top_srcdir)/po $< $@'
INTLTOOL__v_MERGE_0='@echo "  ITMRG " $@;'
INTLTOOL__v_MERGE_='$(INTLTOOL__v_MERGE_$(AM_DEFAULT_VERBOSITY))'
INTL_MACOSX_LIBS=''
LD='/usr/bin/ld -m elf_x86_64'
LDFLAGS=''
LIBOBJS=''
LIBS=''
LIBTOOL='$(SHELL) $(top_builddir)/libtool'
LIBWNCK_CFLAGS='-pthread -I/usr/include/libwnck-3.0 -I/usr/include/startup-notification-1.0 -I/usr/include/gtk-3.0 -I/usr/include/at-spi2-atk/2.0 -I/usr/include/at-spi-2.0 -I/usr/include/dbus-1.0 -I/usr/lib/x86_64-linux-gnu/dbus-1.0/include -I/usr/include/gtk-3.0 -I/usr/include/gio-unix-2.0/ -I/usr/include/cairo -I/usr/include/libdrm -I/usr/include/pango-1.0 -I/usr/include/harfbuzz -I/usr/include/pango-1.0 -I/usr/include/fribidi -I/usr/include/atk-1.0 -I/usr/include/cairo -I/usr/include/pixman-1 -I/usr/include/uuid -I/usr/include/freetype2 -I/usr/include/libpng16 -I/usr/include/gdk-pixbuf-2.0 -I/usr/include/glib-2.0 -I/usr/lib/x86_64-linux-gnu/glib-2.0/include'
LIBWNCK_LIBS='-lwnck-3 -lgtk-3 -lgdk-3 -lpangocairo-1.0 -lpango-1.0 -latk-1.0 -lcairo-gobject -lcairo -lgdk_pixbuf-2.0 -lgio-2.0 -lgobject-2.0 -lglib-2.0'
LIPO=''
LN_S='ln -s'
LTLIBOBJS=''
LT_SYS_LIBRARY_PATH=''
MAKEINFO='${SHELL} /home/grizzlysmit/Projects/gzzpanel/missing makeinfo'
MANIFEST_TOOL=':'
MKDIR_P='/bin/mkdir -p'
MKINSTALLDIRS='./mkinstalldirs'
MSGFMT='/usr/bin/msgfmt'
MSGFMT_OPTS='-c'
MSGMERGE='/usr/bin/msgmerge'
NM='/usr/bin/nm -B'
NMEDIT=''
OBJDUMP='objdump'
OBJEXT='o'
OTOOL64=''
OTOOL=''
PACKAGE='gzzpanel'
PACKAGE_BUGREPORT=''
PACKAGE_NAME='gzzpanel'
PACKAGE_STRING='gzzpanel 2.0'
PACKAGE_TARNAME='gzzpanel'
PACKAGE_URL=''
PACKAGE_VERSION='2.0'
PATH_SEPARATOR=':'
PKG_CONFIG='/usr/bin/pkg-config'
PKG_CONFIG_LIBDIR=''
PKG_CONFIG_PATH='/usr/lib/pkgconfig:/usr/local/lib/pkgconfig:/usr/share/pkgconfig'
POFILES=''
POSUB='po'
PO_IN_DATADIR_FALSE=''
PO_IN_DATADIR_TRUE=''
RANLIB='ranlib'
SED='/bin/sed'
SET_MAKE=''
SHELL='/bin/bash'
STRIP='strip'
USE_NLS='yes'
VERSION='2.0'
XGETTEXT='/usr/bin/xgettext'
ac_ct_AR='ar'
ac_ct_CC='gcc'
ac_ct_CXX='g++'
ac_ct_DUMPBIN=''
am__EXEEXT_FALSE=''
am__EXEEXT_TRUE='#'
am__fastdepCC_FALSE='#'
am__fastdepCC_TRUE=''
am__fastdepCXX_FALSE='#'
am__fastdepCXX_TRUE=''
am__include='include'
am__isrc=''
am__leading_dot='.'
am__nodep='_no'
am__quote=''
am__tar='$${TAR-tar} chof - "$$tardir"'
am__untar='$${TAR-tar} xf -'
bindir='${exec_prefix}/bin'
build='x86_64-unknown-linux-gnu'
build_alias=''
build_cpu='x86_64'
build_os='linux-gnu'
build_vendor='unknown'
datadir='${datarootdir}'
datarootdir='${prefix}/share'
docdir='${datarootdir}/doc/${PACKAGE_TARNAME}'
dvidir='${docdir}'
exec_prefix='${prefix}'
host='x86_64-unknown-linux-gnu'
host_alias=''
host_cpu='x86_64'
host_os='linux-gnu'
host_vendor='unknown'
htmldir='${docdir}'
includedir='${prefix}/include'
infodir='${datarootdir}/info'
install_sh='${SHELL} /home/grizzlysmit/Projects/gzzpanel/install-sh'
intltool__v_merge_options_0='-q'
intltool__v_merge_options_='$(intltool__v_merge_options_$(AM_DEFAULT_VERBOSITY))'
libdir='${exec_prefix}/lib'
libexecdir='${exec_prefix}/libexec'
localedir='${datarootdir}/locale'
localstatedir='${prefix}/var'
mandir='${datarootdir}/man'
mkdir_p='$(MKDIR_P)'
oldincludedir='/usr/include'
pdfdir='${docdir}'
prefix='/usr/local'
program_transform_name='s,x,x,'
psdir='${docdir}'
runstatedir='${localstatedir}/run'
sbindir='${exec_prefix}/sbin'
sharedstatedir='${prefix}/com'
sysconfdir='${prefix}/etc'
target_alias=''

## ----------- ##
## confdefs.h. ##
## ----------- ##

/* confdefs.h */
#define PACKAGE_NAME "gzzpanel"
#define PACKAGE_TARNAME "gzzpanel"
#define PACKAGE_VERSION "2.0"
#define PACKAGE_STRING "gzzpanel 2.0"
#define PACKAGE_BUGREPORT ""
#define PACKAGE_URL ""
#define PACKAGE "gzzpanel"
#define VERSION "2.0"
#define GETTEXT_PACKAGE "gzzpanel"
#define STDC_HEADERS 1
#define HAVE_SYS_TYPES_H 1
#define HAVE_SYS_STAT_H 1
#define HAVE_STDLIB_H 1
#define HAVE_STRING_H 1
#define HAVE_MEMORY_H 1
#define HAVE_STRINGS_H 1
#define HAVE_INTTYPES_H 1
#define HAVE_STDINT_H 1
#define HAVE_UNISTD_H 1
#define HAVE_LOCALE_H 1
#define HAVE_LC_MESSAGES 1
#define HAVE_BIND_TEXTDOMAIN_CODESET 1
#define HAVE_GETTEXT 1
#define HAVE_DCGETTEXT 1
#define ENABLE_NLS 1
#define HAVE_DLFCN_H 1
#define LT_OBJDIR ".libs/"

configure: exit 0
